<?xml version="1.0" encoding="UTF-8"?>
<!-- Generated by org.testng.reporters.JUnitReportReporter -->
<testsuite skipped="0" hostname="DESKTOP-LR2351L" name="com.test.DemoA" tests="1" failures="0" timestamp="2020-09-20T22:06:55 IST" time="13.474" errors="0">
  <testcase name="testBrowser" time="13.474" classname="com.test.DemoA"/>
  <system-out/>
</testsuite> <!-- com.test.DemoA -->
